{\rtf1\ansi\ansicpg1252\deff0\deflang1033{\fonttbl{\f0\fnil\fprq12\fcharset238{\*\fname Courier New;}Courier New CE;}}
{\colortbl ;\red0\green0\blue255;\red0\green128\blue0;}
\viewkind4\uc1\pard\tx288\tx576\tx864\tx1152\tx1440\tx1728\tx2016\tx2304\tx2592\tx2880\tx3168\tx3456\tx3744\tx4032\tx4320\tx4608\tx4896\tx5184\tx5472\tx5760\tx6048\tx6336\tx6624\tx6912\tx7200\tx7488\tx7776\tx8064\tx8352\tx8640\tx8928\tx9216\f0\fs20 1
\par   EQS, A STRUCTURAL EQUATION PROGRAM          MULTIVARIATE SOFTWARE, INC.
\par   COPYRIGHT BY P.M. BENTLER                   VERSION 6.1 (\cf1 C\cf0 ) 1985 - 2008 (B94)
\par 
\par 
\par     PROGRAM CONTROL INFORMATION
\par 
\par      1  /TITLE                                                                          
\par      2  EQS Model of religiosity as a mediator of the political instability - progressiv
\par      3                                                                                  
\par      4  /SPECIFICATIONS                                                                 
\par      5  data="467_april23_delete11-13.ESS";                                             
\par      6  VARIABLES=14;CASES=3881;GROUPS=1;                                               
\par      7  METHODS=ML;                                                                     
\par      8  MATRIX=RAW;                                                                     
\par      9  ANALYSIS=COVARIANCE;                                                            
\par     10                                                                                  
\par     11  /LABELS                                                                         
\par     12  V1=P1;V2=P2;V3=P3;V4=P4;V5=P5;                                                  
\par     13  V6=R1;V7=R2;V8=R3;V9=R4;V10=R5;                                                 
\par     14  V11=Pr1;V12=Pr2;V13=Pr3;V14=Pr4;                                                
\par     15  F1=Poli;F2=Rel;F3=Prog;                                                         
\par     16                                                                                  
\par     17  /EQUATIONS                                                                      
\par     18  \cf2 !Political Instability Latent Variable                                          \cf0 
\par     19  V1= *F1 + 1E1;                                                                  
\par     20  V2= *F1 + 1E2;                                                                  
\par     21  V3= *F1 + 1E3;                                                                  
\par     22  V4= *F1 + 1E4;                                                                  
\par     23  V5= *F1 + 1E5;                                                                  
\par     24                                                                                  
\par     25  \cf2 !Religiosity Latent                                                             \cf0 
\par     26  V6= 1F2 + 1E6;                                                                  
\par     27  V7= *F2 + 1E7;                                                                  
\par     28  V8= *F2 + 1E8;                                                                  
\par     29  V9= *F2 + 1E9;                                                                  
\par     30  V10= *F2 + 1E10;                                                                
\par     31                                                                                  
\par     32  \cf2 !Progressiveness Latent                                                         \cf0 
\par     33  V11= *F3 + 1E11;                                                                
\par     34  V12= *F3 + 1E12;                                                                
\par     35  V13= *F3 + 1E13;                                                                
\par     36  V14= 1F3 + 1E14;                                                                
\par     37                                                                                  
\par     38                                                                                  
\par     39  \cf2 !Latent Construct Relationships.                                                \cf0 
\par     40  F2= *F1 + 1D1; \cf2 !Or should it be D1?                                             \cf0 
\par     41  F3= *F2 + 1D2; \cf2 !Or should it be D2?                                             \cf0 
\par     42                                                                                  
\par     43  /VARIANCES                                                                      
\par     44  F1= 1;                                                                          
\par     45  D1= *;                                                                          
\par     46  D2= *;                                                                          
\par     47  E1-E14= *;                                                                      
\par     48                                                                                  
\par     49  /COVARIANCES                                                                    
\par     50                                                                                  
\par     51                                                                                  
\par     52  /PRINT                                                                          
\par \page 
\par  13-May-14      PAGE:   2  EQS     Licensee:                               
\par   TITLE:   EQS Model of religiosity as a mediator of the political inst
\par 
\par     53  EFFECT=YES;                                                                     
\par     54  FIT=ALL;                                                                        
\par     55  /LMTEST                                                                         
\par     56  /WTEST                                                                          
\par     57  /END                                                                            
\par 
\par 
\par        57 RECORDS OF INPUT MODEL FILE WERE READ
\par 
\par 
\par     DATA IS READ FROM 467_april23_delete11-13.ESS                                                                                                                                                                                                                                     
\par     THERE ARE  14 VARIABLES AND  3881 CASES
\par     IT IS A RAW DATA ESS FILE
\par \page 
\par  13-May-14      PAGE:   3  EQS     Licensee:                               
\par   TITLE:   EQS Model of religiosity as a mediator of the political inst
\par 
\par 
\par   SAMPLE STATISTICS BASED ON COMPLETE CASES
\par 
\par 
\par                             UNIVARIATE STATISTICS
\par                             ---------------------
\par 
\par 
\par    VARIABLE           P1         P2         P3         P4         P5    
\par                        V1         V2         V3         V4         V5  
\par 
\par    MEAN               1.9106     1.6138     2.0979     3.9178     3.2481
\par 
\par    SKEWNESS (G1)       .7331     -.4673      .4342      .1540     1.1317
\par 
\par    KURTOSIS (G2)      -.7317    -1.7816     -.8036    -1.4237     -.0008
\par 
\par    STANDARD DEV.      1.0191      .4869      .9523     2.1776     2.9244
\par 
\par 
\par    VARIABLE           R1         R2         R3         R4         R5    
\par                        V6         V7         V8         V9         V10 
\par 
\par    MEAN               1.5447     3.8462     3.7034     2.2327     2.6617
\par 
\par    SKEWNESS (G1)      -.1795      .7525      .7757     -.4725     -.2108
\par 
\par    KURTOSIS (G2)     -1.9678     -.9483     -.7310    -1.5780     -.7721
\par 
\par    STANDARD DEV.       .4981     3.3264     3.0287      .8922      .9181
\par 
\par 
\par    VARIABLE           PR1        PR2        PR3        PR4   
\par                        V11        V12        V13        V14 
\par 
\par    MEAN               2.3710     2.4367     2.5419     2.9155
\par 
\par    SKEWNESS (G1)       .1870      .1386     -.0637     -.4943
\par 
\par    KURTOSIS (G2)      -.7430     -.7966     -.7618     -.3124
\par 
\par    STANDARD DEV.       .9061      .9164      .8989      .8495
\par 
\par 
\par                             MULTIVARIATE KURTOSIS
\par                             ---------------------
\par 
\par    MARDIA'S COEFFICIENT (G2,P) =      5.8124
\par    NORMALIZED ESTIMATE =              8.5538
\par 
\par 
\par                      ELLIPTICAL THEORY KURTOSIS ESTIMATES
\par                      ------------------------------------
\par 
\par    MARDIA-BASED KAPPA =       .0259 MEAN SCALED UNIVARIATE KURTOSIS =     -.3179
\par 
\par    MARDIA-BASED KAPPA IS USED IN COMPUTATION. KAPPA=            .0259
\par 
\par 
\par    CASE NUMBERS WITH LARGEST CONTRIBUTION TO NORMALIZED MULTIVARIATE KURTOSIS:
\par    ---------------------------------------------------------------------------
\par 
\par    CASE NUMBER       259          356          393         3239         3494
\par 
\par    ESTIMATE      1686.4204    2059.5024    1508.6565    1447.7688    1865.9773
\par \page 
\par  13-May-14      PAGE:   4  EQS     Licensee:                               
\par   TITLE:   EQS Model of religiosity as a mediator of the political inst
\par 
\par   COVARIANCE  MATRIX TO BE ANALYZED:  14 VARIABLES (SELECTED FROM  14 VARIABLES)
\par   BASED ON  3881 CASES.
\par 
\par 
\par                          P1         P2         P3         P4         P5    
\par                           V1         V2         V3         V4         V5  
\par        P1     V1         1.039
\par        P2     V2          .249       .237
\par        P3     V3          .512       .180       .907
\par        P4     V4         1.328       .439      1.015      4.742
\par        P5     V5         2.101       .620      1.337      3.448      8.552
\par        R1     V6          .146       .052       .092       .247       .359
\par        R2     V7         1.477       .519       .921      2.508      3.781
\par        R3     V8         1.350       .444       .794      2.324      3.754
\par        R4     V9          .200       .075       .171       .328       .464
\par        R5     V10         .219       .077       .201       .405       .525
\par        PR1    V11        -.045      -.012       .135      -.065      -.168
\par        PR2    V12         .006       .001       .163       .023      -.096
\par        PR3    V13         .099       .033       .225       .187       .179
\par        PR4    V14         .041       .008       .168       .092      -.041
\par 
\par 
\par                          R1         R2         R3         R4         R5    
\par                           V6         V7         V8         V9         V10 
\par        R1     V6          .248
\par        R2     V7          .704     11.065
\par        R3     V8          .390      6.139      9.173
\par        R4     V9          .099       .790       .574       .796
\par        R5     V10         .099       .975       .616       .337       .843
\par        PR1    V11        -.022      -.090      -.111       .052       .031
\par        PR2    V12        -.020       .013      -.009       .041       .036
\par        PR3    V13         .022       .289       .229       .100       .113
\par        PR4    V14         .003       .161       .082       .041       .054
\par 
\par 
\par                          PR1        PR2        PR3        PR4   
\par                           V11        V12        V13        V14 
\par        PR1    V11         .821
\par        PR2    V12         .539       .840
\par        PR3    V13         .430       .479       .808
\par        PR4    V14         .316       .366       .439       .722
\par 
\par 
\par 
\par   BENTLER-WEEKS STRUCTURAL REPRESENTATION:
\par 
\par         NUMBER OF DEPENDENT VARIABLES = 16
\par             DEPENDENT V'S :     1    2    3    4    5    6    7    8    9   10
\par             DEPENDENT V'S :    11   12   13   14
\par             DEPENDENT F'S :     2    3
\par 
\par         NUMBER OF INDEPENDENT VARIABLES = 17
\par             INDEPENDENT F'S :     1
\par             INDEPENDENT E'S :     1    2    3    4    5    6    7    8    9   10
\par             INDEPENDENT E'S :    11   12   13   14
\par             INDEPENDENT D'S :     1    2
\par 
\par         NUMBER OF FREE PARAMETERS =  30
\par         NUMBER OF FIXED NONZERO PARAMETERS =  19
\par 
\par  *** WARNING MESSAGES ABOVE, IF ANY, REFER TO THE MODEL PROVIDED.
\par      CALCULATIONS FOR INDEPENDENCE MODEL NOW BEGIN.
\par 
\par  *** WARNING MESSAGES ABOVE, IF ANY, REFER TO INDEPENDENCE MODEL.
\par      CALCULATIONS FOR USER'S MODEL NOW BEGIN.
\par 
\par 
\par   3RD STAGE OF COMPUTATION REQUIRED    128559 WORDS OF MEMORY.
\par   PROGRAM ALLOCATED   2000000 WORDS
\par 
\par   DETERMINANT OF INPUT MATRIX IS    .44338D+00
\par 
\par   PARAMETER ESTIMATES APPEAR IN ORDER,
\par   NO SPECIAL PROBLEMS WERE ENCOUNTERED DURING OPTIMIZATION.
\par 
\par 
\par 
\par   RESIDUAL COVARIANCE MATRIX  (S-SIGMA) :       
\par 
\par 
\par                          P1         P2         P3         P4         P5    
\par                           V1         V2         V3         V4         V5  
\par        P1     V1          .000
\par        P2     V2         -.001       .000
\par        P3     V3         -.015       .012       .000
\par        P4     V4         -.022       .009       .111       .000
\par        P5     V5          .045      -.035      -.039      -.075       .000
\par        R1     V6          .009       .009       .000       .012       .000
\par        R2     V7         -.096       .018      -.132      -.189      -.325
\par        R3     V8          .113       .050      -.034       .204       .526
\par        R4     V9          .009       .014       .044       .001      -.033
\par        R5     V10         .003       .008       .057       .035      -.039
\par        PR1    V11        -.068      -.020       .120      -.104      -.228
\par        PR2    V12        -.020      -.007       .146      -.021      -.162
\par        PR3    V13         .076       .026       .209       .147       .118
\par        PR4    V14         .023       .002       .156       .061      -.089
\par 
\par 
\par                          R1         R2         R3         R4         R5    
\par                           V6         V7         V8         V9         V10 
\par        R1     V6          .000
\par        R2     V7          .050       .000
\par        R3     V8         -.124       .265       .000
\par        R4     V9          .020      -.115      -.137       .000
\par        R5     V10         .009      -.050      -.190       .213       .000
\par        PR1    V11        -.032      -.200      -.197       .039       .016
\par        PR2    V12        -.030      -.107      -.103       .027       .020
\par        PR3    V13         .013       .179       .143       .086       .098
\par        PR4    V14        -.005       .074       .014       .030       .042
\par 
\par 
\par                          PR1        PR2        PR3        PR4   
\par                           V11        V12        V13        V14 
\par        PR1    V11         .000
\par        PR2    V12         .042       .000
\par        PR3    V13        -.025      -.021       .000
\par        PR4    V14        -.043      -.028       .077       .000
\par 
\par                                   AVERAGE ABSOLUTE RESIDUAL =          .0666
\par                      AVERAGE OFF-DIAGONAL ABSOLUTE RESIDUAL =          .0768
\par \page 
\par  13-May-14      PAGE:   5  EQS     Licensee:                               
\par   TITLE:   EQS Model of religiosity as a mediator of the political inst
\par 
\par   MAXIMUM LIKELIHOOD SOLUTION (NORMAL DISTRIBUTION THEORY)
\par 
\par 
\par 
\par   STANDARDIZED RESIDUAL MATRIX:                 
\par 
\par 
\par                          P1         P2         P3         P4         P5    
\par                           V1         V2         V3         V4         V5  
\par        P1     V1          .000
\par        P2     V2         -.003       .000
\par        P3     V3         -.015       .025       .000
\par        P4     V4         -.010       .008       .054       .000
\par        P5     V5          .015      -.024      -.014      -.012       .000
\par        R1     V6          .017       .036       .000       .011       .000
\par        R2     V7         -.028       .011      -.042      -.026      -.033
\par        R3     V8          .037       .034      -.012       .031       .059
\par        R4     V9          .010       .033       .051       .001      -.013
\par        R5     V10         .004       .019       .065       .018      -.014
\par        PR1    V11        -.074      -.045       .139      -.053      -.086
\par        PR2    V12        -.021      -.016       .167      -.010      -.060
\par        PR3    V13         .083       .059       .245       .075       .045
\par        PR4    V14         .026       .006       .193       .033      -.036
\par 
\par 
\par                          R1         R2         R3         R4         R5    
\par                           V6         V7         V8         V9         V10 
\par        R1     V6          .000
\par        R2     V7          .030       .000
\par        R3     V8         -.082       .026       .000
\par        R4     V9          .045      -.039      -.051       .000
\par        R5     V10         .019      -.016      -.068       .259       .000
\par        PR1    V11        -.070      -.066      -.072       .048       .019
\par        PR2    V12        -.066      -.035      -.037       .033       .023
\par        PR3    V13         .028       .060       .052       .108       .119
\par        PR4    V14        -.011       .026       .005       .040       .053
\par 
\par 
\par                          PR1        PR2        PR3        PR4   
\par                           V11        V12        V13        V14 
\par        PR1    V11         .000
\par        PR2    V12         .051       .000
\par        PR3    V13        -.031      -.025       .000
\par        PR4    V14        -.056      -.036       .100       .000
\par 
\par                      AVERAGE ABSOLUTE STANDARDIZED RESIDUAL =          .0397
\par         AVERAGE OFF-DIAGONAL ABSOLUTE STANDARDIZED RESIDUAL =          .0458
\par 
\par 
\par   LARGEST STANDARDIZED RESIDUALS:
\par 
\par       NO.    PARAMETER   ESTIMATE      NO.    PARAMETER   ESTIMATE
\par       ---    ---------   --------      ---    ---------   --------
\par        1     V10, V9         .259      11     V8,  V6        -.082
\par        2     V13, V3         .245      12     V13, V4         .075
\par        3     V14, V3         .193      13     V11, V1        -.074
\par        4     V12, V3         .167      14     V11, V8        -.072
\par        5     V11, V3         .139      15     V11, V6        -.070
\par        6     V13, V10        .119      16     V10, V8        -.068
\par        7     V13, V9         .108      17     V11, V7        -.066
\par        8     V14, V13        .100      18     V12, V6        -.066
\par        9     V11, V5        -.086      19     V10, V3         .065
\par       10     V13, V1         .083      20     V12, V5        -.060
\par \page 
\par  13-May-14      PAGE:   6  EQS     Licensee:                               
\par   TITLE:   EQS Model of religiosity as a mediator of the political inst
\par 
\par   MAXIMUM LIKELIHOOD SOLUTION (NORMAL DISTRIBUTION THEORY)
\par 
\par 
\par 
\par   DISTRIBUTION OF STANDARDIZED RESIDUALS
\par 
\par 
\par 
\par      ----------------------------------------                     
\par      \cf2 !                                      !                     \cf0 
\par    60-                                      -                     
\par      \cf2 !                                      !                     \cf0 
\par      \cf2 !                                      !                     \cf0 
\par      \cf2 !                    *                 !                     \cf0 
\par      \cf2 !                 *  *                 !            RANGE      FREQ PERCENT\cf0 
\par    45-                 *  *                 -                     
\par      \cf2 !                 *  *                 !    1   -0.5  -  --       0    .00%\cf0 
\par      \cf2 !                 *  *                 !    2   -0.4  -  -0.5     0    .00%\cf0 
\par      \cf2 !                 *  *                 !    3   -0.3  -  -0.4     0    .00%\cf0 
\par      \cf2 !                 *  *                 !    4   -0.2  -  -0.3     0    .00%\cf0 
\par    30-                 *  *                 -    5   -0.1  -  -0.2     0    .00%
\par      \cf2 !                 *  *                 !    6    0.0  -  -0.1    47  44.76%\cf0 
\par      \cf2 !                 *  *                 !    7    0.1  -   0.0    50  47.62%\cf0 
\par      \cf2 !                 *  *                 !    8    0.2  -   0.1     6   5.71%\cf0 
\par      \cf2 !                 *  *                 !    9    0.3  -   0.2     2   1.90%\cf0 
\par    15-                 *  *                 -    A    0.4  -   0.3     0    .00%
\par      \cf2 !                 *  *                 !    B    0.5  -   0.4     0    .00%\cf0 
\par      \cf2 !                 *  *                 !    C     ++  -   0.5     0    .00%\cf0 
\par      \cf2 !                 *  *  *              !    -------------------------------\cf0 
\par      \cf2 !                 *  *  *  *           !            TOTAL       105 100.00%\cf0 
\par      ----------------------------------------                     
\par         1  2  3  4  5  6  7  8  9  A  B  \cf1 C\cf0     EACH "*" REPRESENTS    3 RESIDUALS
\par \page 
\par  13-May-14      PAGE:   7  EQS     Licensee:                               
\par   TITLE:   EQS Model of religiosity as a mediator of the political inst
\par 
\par   MAXIMUM LIKELIHOOD SOLUTION (NORMAL DISTRIBUTION THEORY)
\par 
\par 
\par 
\par 
\par   GOODNESS OF FIT SUMMARY FOR METHOD = ML    
\par 
\par   INDEPENDENCE MODEL CHI-SQUARE        =   19141.149 ON    91 DEGREES OF FREEDOM
\par 
\par   INDEPENDENCE AIC =   18959.149   INDEPENDENCE CAIC =   18298.138
\par          MODEL AIC =    1508.635          MODEL CAIC =     963.846
\par 
\par   CHI-SQUARE =     1658.635 BASED ON      75 DEGREES OF FREEDOM
\par   PROBABILITY VALUE FOR THE CHI-SQUARE STATISTIC IS       .00000
\par 
\par   THE NORMAL THEORY RLS CHI-SQUARE FOR THIS ML SOLUTION IS       1732.459.
\par 
\par   FIT INDICES
\par   -----------
\par   BENTLER-BONETT     NORMED FIT INDEX =      .913
\par   BENTLER-BONETT NON-NORMED FIT INDEX =      .899
\par   COMPARATIVE FIT INDEX (CFI)         =      .917
\par   BOLLEN'S          (IFI) FIT INDEX   =      .917
\par   MCDONALD'S        (MFI) FIT INDEX   =      .815
\par   JORESKOG-SORBOM'S  GFI  FIT INDEX   =      .940
\par   JORESKOG-SORBOM'S AGFI  FIT INDEX   =      .916
\par   ROOT MEAN-SQUARE RESIDUAL (RMR)     =      .106
\par   STANDARDIZED RMR                    =      .061
\par   ROOT MEAN-SQUARE ERROR OF APPROXIMATION (RMSEA)    =      .074
\par   90% CONFIDENCE INTERVAL OF RMSEA  (        .071,          .077)
\par 
\par   RELIABILITY COEFFICIENTS
\par   ------------------------
\par   CRONBACH'S ALPHA                    =      .755
\par   RELIABILITY COEFFICIENT RHO         =      .869
\par 
\par   STANDARDIZED FACTOR LOADINGS FOR THE FACTOR THAT GENERATES
\par   MAXIMAL RELIABILITY FOR THE UNIT-WEIGHT COMPOSITE
\par   BASED ON THE MODEL (RHO):
\par     P1        P2        P3        P4        P5        R1    
\par       .762      .508      .545      .611      .693      .426
\par     R2        R3        R4        R5        PR1       PR2   
\par       .729      .629      .329      .362      .218      .237
\par     PR3       PR4   
\par       .221      .185
\par 
\par 
\par 
\par 
\par                          ITERATIVE SUMMARY
\par 
\par                      PARAMETER
\par   ITERATION          ABS CHANGE         ALPHA                FUNCTION
\par       1                .381981         1.00000               2.42097
\par       2                .485597         1.00000               1.23507
\par       3                .471686         1.00000                .73714
\par       4                .260222         1.00000                .47970
\par       5                .106978         1.00000                .43026
\par       6                .046658         1.00000                .42783
\par       7                .014256         1.00000                .42753
\par       8                .006486         1.00000                .42749
\par       9                .001943         1.00000                .42748
\par      10                .000791         1.00000                .42748
\par \page 
\par  13-May-14      PAGE:   8  EQS     Licensee:                               
\par   TITLE:   EQS Model of religiosity as a mediator of the political inst
\par 
\par   MAXIMUM LIKELIHOOD SOLUTION (NORMAL DISTRIBUTION THEORY)
\par 
\par 
\par   MEASUREMENT EQUATIONS WITH STANDARD ERRORS AND TEST STATISTICS
\par   STATISTICS SIGNIFICANT AT THE 5% LEVEL ARE MARKED WITH @.
\par 
\par 
\par 
\par    P1    =V1  =    .888*F1    + 1.000 E1  
\par                    .014               
\par                  64.560@              
\par 
\par    P2    =V2  =    .283*F1    + 1.000 E2  
\par                    .008               
\par                  37.430@              
\par 
\par    P3    =V3  =    .594*F1    + 1.000 E3  
\par                    .015               
\par                  40.882@              
\par 
\par    P4    =V4  =   1.521*F1    + 1.000 E4  
\par                    .032               
\par                  47.324@              
\par 
\par    P5    =V5  =   2.316*F1    + 1.000 E5  
\par                    .041               
\par                  56.223@              
\par 
\par    R1    =V6  =   1.000 F2    + 1.000 E6  
\par                                       
\par                                       
\par 
\par    R2    =V7  =  11.440*F2    + 1.000 E7  
\par                    .423               
\par                  27.065@              
\par 
\par    R3    =V8  =   8.992*F2    + 1.000 E8  
\par                    .343               
\par                  26.205@              
\par 
\par    R4    =V9  =   1.386*F2    + 1.000 E9  
\par                    .077               
\par                  17.939@              
\par 
\par    R5    =V10 =   1.569*F2    + 1.000 E10 
\par                    .082               
\par                  19.219@              
\par 
\par    PR1   =V11 =   1.258*F3    + 1.000 E11 
\par                    .035               
\par                  35.607@              
\par 
\par    PR2   =V12 =   1.382*F3    + 1.000 E12 
\par                    .037               
\par                  37.140@              
\par 
\par 
\par 
\par   MEASUREMENT EQUATIONS WITH STANDARD ERRORS AND TEST STATISTICS (CONTINUED)
\par \page 
\par  13-May-14      PAGE:   9  EQS     Licensee:                               
\par   TITLE:   EQS Model of religiosity as a mediator of the political inst
\par 
\par   MAXIMUM LIKELIHOOD SOLUTION (NORMAL DISTRIBUTION THEORY)
\par 
\par    PR3   =V13 =   1.267*F3    + 1.000 E13 
\par                    .035               
\par                  35.930@              
\par 
\par    PR4   =V14 =   1.000 F3    + 1.000 E14 
\par                                       
\par                                       
\par 
\par \page 
\par  13-May-14      PAGE:  10  EQS     Licensee:                               
\par   TITLE:   EQS Model of religiosity as a mediator of the political inst
\par 
\par   MAXIMUM LIKELIHOOD SOLUTION (NORMAL DISTRIBUTION THEORY)
\par 
\par 
\par   CONSTRUCT EQUATIONS WITH STANDARD ERRORS AND TEST STATISTICS 
\par   STATISTICS SIGNIFICANT AT THE 5% LEVEL ARE MARKED WITH @.
\par 
\par 
\par 
\par    REL   =F2  =    .155*F1    + 1.000 D1  
\par                    .007               
\par                  23.800@              
\par 
\par    PROG  =F3  =    .133*F2    + 1.000 D2  
\par                    .044               
\par                   3.037@              
\par 
\par \page 
\par  13-May-14      PAGE:  11  EQS     Licensee:                               
\par   TITLE:   EQS Model of religiosity as a mediator of the political inst
\par 
\par   MAXIMUM LIKELIHOOD SOLUTION (NORMAL DISTRIBUTION THEORY)
\par 
\par   VARIANCES OF INDEPENDENT VARIABLES
\par   ----------------------------------
\par   STATISTICS SIGNIFICANT AT THE 5% LEVEL ARE MARKED WITH @.
\par 
\par                   V                                F
\par                  ---                              ---
\par                                 I F1  -  POLI              1.000 I              
\par                                 I                                I              
\par                                 I                                I              
\par                                 I                                I              
\par \page 
\par  13-May-14      PAGE:  12  EQS     Licensee:                               
\par   TITLE:   EQS Model of religiosity as a mediator of the political inst
\par 
\par   MAXIMUM LIKELIHOOD SOLUTION (NORMAL DISTRIBUTION THEORY)
\par 
\par   VARIANCES OF INDEPENDENT VARIABLES
\par   ----------------------------------
\par   STATISTICS SIGNIFICANT AT THE 5% LEVEL ARE MARKED WITH @.
\par 
\par                   E                                D
\par                  ---                              ---
\par  E1  -  P1                 .251*I D1  -  REL                .033*I              
\par                            .010 I                           .002 I              
\par                          24.575@I                         13.740@I              
\par                                 I                                I              
\par  E2  -  P2                 .157*I D2  -  PROG               .285*I              
\par                            .004 I                           .014 I              
\par                          40.964@I                         20.034@I              
\par                                 I                                I              
\par  E3  -  P3                 .554*I                                I              
\par                            .014 I                                I              
\par                          40.167@I                                I              
\par                                 I                                I              
\par  E4  -  P4                2.428*I                                I              
\par                            .064 I                                I              
\par                          38.151@I                                I              
\par                                 I                                I              
\par  E5  -  P5                3.187*I                                I              
\par                            .096 I                                I              
\par                          33.236@I                                I              
\par                                 I                                I              
\par  E6  -  R1                 .191*I                                I              
\par                            .005 I                                I              
\par                          40.912@I                                I              
\par                                 I                                I              
\par  E7  -  R2                3.592*I                                I              
\par                            .165 I                                I              
\par                          21.714@I                                I              
\par                                 I                                I              
\par  E8  -  R3                4.556*I                                I              
\par                            .141 I                                I              
\par                          32.389@I                                I              
\par                                 I                                I              
\par  E9  -  R4                 .686*I                                I              
\par                            .016 I                                I              
\par                          42.397@I                                I              
\par                                 I                                I              
\par  E10 -  R5                 .702*I                                I              
\par                            .017 I                                I              
\par                          41.971@I                                I              
\par                                 I                                I              
\par  E11 -  PR1                .369*I                                I              
\par                            .011 I                                I              
\par                          32.647@I                                I              
\par                                 I                                I              
\par  E12 -  PR2                .294*I                                I              
\par                            .011 I                                I              
\par                          26.852@I                                I              
\par                                 I                                I              
\par \page 
\par  13-May-14      PAGE:  13  EQS     Licensee:                               
\par   TITLE:   EQS Model of religiosity as a mediator of the political inst
\par 
\par   MAXIMUM LIKELIHOOD SOLUTION (NORMAL DISTRIBUTION THEORY)
\par 
\par   VARIANCES OF INDEPENDENT VARIABLES (CONTINUED)
\par   ----------------------------------------------
\par 
\par  E13 -  PR3                .349*I                                I              
\par                            .011 I                                I              
\par                          31.802@I                                I              
\par                                 I                                I              
\par  E14 -  PR4                .436*I                                I              
\par                            .011 I                                I              
\par                          38.147@I                                I              
\par                                 I                                I              
\par \page 
\par  13-May-14      PAGE:  14  EQS     Licensee:                               
\par   TITLE:   EQS Model of religiosity as a mediator of the political inst
\par 
\par   MAXIMUM LIKELIHOOD SOLUTION (NORMAL DISTRIBUTION THEORY)
\par 
\par   DECOMPOSITION OF EFFECTS WITH NONSTANDARDIZED VALUES
\par   STATISTICS SIGNIFICANT AT THE 5% LEVEL ARE MARKED WITH @.
\par 
\par   PARAMETER TOTAL EFFECTS
\par   -----------------------
\par 
\par    P1    =V1  =    .888*F1    + 1.000 E1  
\par                                       
\par                                       
\par 
\par    P2    =V2  =    .283*F1    + 1.000 E2  
\par                                       
\par                                       
\par 
\par    P3    =V3  =    .594*F1    + 1.000 E3  
\par                                       
\par                                       
\par 
\par    P4    =V4  =   1.521*F1    + 1.000 E4  
\par                                       
\par                                       
\par 
\par    P5    =V5  =   2.316*F1    + 1.000 E5  
\par                                       
\par                                       
\par 
\par    R1    =V6  =   1.000 F2    +  .155 F1    + 1.000 E6    + 1.000 D1  
\par                                  .007                             
\par                                23.800@                            
\par 
\par 
\par    R2    =V7  =  11.440*F2    + 1.773 F1    + 1.000 E7    +11.440 D1  
\par                    .423          .051                        .423 
\par                  27.065@       34.787@                     27.065@
\par 
\par 
\par    R3    =V8  =   8.992*F2    + 1.394 F1    + 1.000 E8    + 8.992 D1  
\par                    .343          .045                        .343 
\par                  26.205@       31.111@                     26.205@
\par 
\par 
\par    R4    =V9  =   1.386*F2    +  .215 F1    + 1.000 E9    + 1.386 D1  
\par                    .077          .011                        .077 
\par                  17.939@       19.287@                     17.939@
\par 
\par 
\par    R5    =V10 =   1.569*F2    +  .243 F1    + 1.000 E10   + 1.569 D1  
\par                    .082          .012                        .082 
\par                  19.219@       20.905@                     19.219@
\par 
\par 
\par    PR1   =V11 =    .168 F2    + 1.258*F3    +  .026 F1    + 1.000 E11 
\par                    .055          .035          .009               
\par                   3.040@       35.607@        3.046@              
\par 
\par                 +  .168 D1    + 1.258 D2  
\par                    .055          .035 
\par                   3.040@       35.607@
\par 
\par    PR2   =V12 =    .184 F2    + 1.382*F3    +  .029 F1    + 1.000 E12 
\par                    .061          .037          .009               
\par                   3.042@       37.140@        3.047@              
\par 
\par                 +  .184 D1    + 1.382 D2  
\par                    .061          .037 
\par                   3.042@       37.140@
\par 
\par    PR3   =V13 =    .169 F2    + 1.267*F3    +  .026 F1    + 1.000 E13 
\par                    .056          .035          .009               
\par                   3.041@       35.930@        3.046@              
\par 
\par                 +  .169 D1    + 1.267 D2  
\par                    .056          .035 
\par                   3.041@       35.930@
\par 
\par    PR4   =V14 =    .133 F2    + 1.000 F3    +  .021 F1    + 1.000 E14 
\par                    .044                        .007               
\par                   3.037@                      3.043@              
\par 
\par                 +  .133 D1    + 1.000 D2  
\par                    .044               
\par                   3.037@              
\par 
\par    REL   =F2  =    .155*F1    + 1.000 D1  
\par                                       
\par                                       
\par 
\par    PROG  =F3  =    .133*F2    +  .021 F1    +  .133 D1    + 1.000 D2  
\par                    .044          .007          .044               
\par                   3.037@        3.043@        3.037@              
\par 
\par 
\par \page 
\par  13-May-14      PAGE:  15  EQS     Licensee:                               
\par   TITLE:   EQS Model of religiosity as a mediator of the political inst
\par 
\par   MAXIMUM LIKELIHOOD SOLUTION (NORMAL DISTRIBUTION THEORY)
\par 
\par   DECOMPOSITION OF EFFECTS WITH NONSTANDARDIZED VALUES
\par   STATISTICS SIGNIFICANT AT THE 5% LEVEL ARE MARKED WITH @.
\par 
\par   PARAMETER INDIRECT EFFECTS
\par   --------------------------
\par 
\par    R1    =V6  =    .155 F1    + 1.000 D1  
\par                    .007               
\par                  23.800@              
\par 
\par    R2    =V7  =   1.773 F1    +11.440 D1  
\par                    .051          .423 
\par                  34.787@       27.065@
\par 
\par    R3    =V8  =   1.394 F1    + 8.992 D1  
\par                    .045          .343 
\par                  31.111@       26.205@
\par 
\par    R4    =V9  =    .215 F1    + 1.386 D1  
\par                    .011          .077 
\par                  19.287@       17.939@
\par 
\par    R5    =V10 =    .243 F1    + 1.569 D1  
\par                    .012          .082 
\par                  20.905@       19.219@
\par 
\par    PR1   =V11 =    .168 F2    +  .026 F1    +  .168 D1    + 1.258 D2  
\par                    .055          .009          .055          .035 
\par                   3.040@        3.046@        3.040@       35.607@
\par 
\par 
\par    PR2   =V12 =    .184 F2    +  .029 F1    +  .184 D1    + 1.382 D2  
\par                    .061          .009          .061          .037 
\par                   3.042@        3.047@        3.042@       37.140@
\par 
\par 
\par    PR3   =V13 =    .169 F2    +  .026 F1    +  .169 D1    + 1.267 D2  
\par                    .056          .009          .056          .035 
\par                   3.041@        3.046@        3.041@       35.930@
\par 
\par 
\par    PR4   =V14 =    .133 F2    +  .021 F1    +  .133 D1    + 1.000 D2  
\par                    .044          .007          .044               
\par                   3.037@        3.043@        3.037@              
\par 
\par 
\par    PROG  =F3  =    .021 F1    +  .133 D1  
\par                    .007          .044 
\par                   3.043@        3.037@
\par 
\par \page 
\par  13-May-14      PAGE:  16  EQS     Licensee:                               
\par   TITLE:   EQS Model of religiosity as a mediator of the political inst
\par 
\par   MAXIMUM LIKELIHOOD SOLUTION (NORMAL DISTRIBUTION THEORY)
\par 
\par   DECOMPOSITION OF EFFECTS WITH STANDARDIZED VALUES
\par 
\par   PARAMETER TOTAL EFFECTS
\par   -----------------------
\par 
\par    P1    =V1  =    .871*F1    +  .492 E1  
\par 
\par    P2    =V2  =    .581*F1    +  .814 E2  
\par 
\par    P3    =V3  =    .624*F1    +  .782 E3  
\par 
\par    P4    =V4  =    .699*F1    +  .716 E4  
\par 
\par    P5    =V5  =    .792*F1    +  .610 E5  
\par 
\par    R1    =V6  =    .480 F2    +  .311 F1    +  .877 E6    +  .365 D1  
\par 
\par    R2    =V7  =    .822*F2    +  .533 F1    +  .570 E7    +  .626 D1  
\par 
\par    R3    =V8  =    .709*F2    +  .460 F1    +  .705 E8    +  .540 D1  
\par 
\par    R4    =V9  =    .371*F2    +  .241 F1    +  .929 E9    +  .283 D1  
\par 
\par    R5    =V10 =    .408*F2    +  .265 F1    +  .913 E10   +  .311 D1  
\par 
\par    PR1   =V11 =    .044 F2    +  .742*F3    +  .029 F1    +  .670 E11 
\par                 +  .034 D1    +  .741 D2  
\par 
\par    PR2   =V12 =    .048 F2    +  .806*F3    +  .031 F1    +  .592 E12 
\par                 +  .037 D1    +  .804 D2  
\par 
\par    PR3   =V13 =    .045 F2    +  .753*F3    +  .029 F1    +  .658 E13 
\par                 +  .034 D1    +  .752 D2  
\par 
\par    PR4   =V14 =    .037 F2    +  .629 F3    +  .024 F1    +  .777 E14 
\par                 +  .029 D1    +  .628 D2  
\par 
\par    REL   =F2  =    .649*F1    +  .761 D1  
\par 
\par    PROG  =F3  =    .060*F2    +  .039 F1    +  .045 D1    +  .998 D2  
\par 
\par \page 
\par  13-May-14      PAGE:  17  EQS     Licensee:                               
\par   TITLE:   EQS Model of religiosity as a mediator of the political inst
\par 
\par   MAXIMUM LIKELIHOOD SOLUTION (NORMAL DISTRIBUTION THEORY)
\par 
\par   DECOMPOSITION OF EFFECTS WITH STANDARDIZED VALUES
\par 
\par   PARAMETER INDIRECT EFFECTS
\par   --------------------------
\par 
\par    R1    =V6  =    .311 F1    +  .365 D1  
\par 
\par    R2    =V7  =    .533 F1    +  .626 D1  
\par 
\par    R3    =V8  =    .460 F1    +  .540 D1  
\par 
\par    R4    =V9  =    .241 F1    +  .283 D1  
\par 
\par    R5    =V10 =    .265 F1    +  .311 D1  
\par 
\par    PR1   =V11 =    .044 F2    +  .029 F1    +  .034 D1    +  .741 D2  
\par 
\par    PR2   =V12 =    .048 F2    +  .031 F1    +  .037 D1    +  .804 D2  
\par 
\par    PR3   =V13 =    .045 F2    +  .029 F1    +  .034 D1    +  .752 D2  
\par 
\par    PR4   =V14 =    .037 F2    +  .024 F1    +  .029 D1    +  .628 D2  
\par 
\par    PROG  =F3  =    .039 F1    +  .045 D1  
\par 
\par \page 
\par  13-May-14      PAGE:  18  EQS     Licensee:                               
\par   TITLE:   EQS Model of religiosity as a mediator of the political inst
\par 
\par   MAXIMUM LIKELIHOOD SOLUTION (NORMAL DISTRIBUTION THEORY)
\par 
\par 
\par   STANDARDIZED SOLUTION:                                              R-SQUARED
\par 
\par 
\par 
\par    P1    =V1  =    .871*F1    +  .492 E1                                   .758 
\par    P2    =V2  =    .581*F1    +  .814 E2                                   .337 
\par    P3    =V3  =    .624*F1    +  .782 E3                                   .389 
\par    P4    =V4  =    .699*F1    +  .716 E4                                   .488 
\par    P5    =V5  =    .792*F1    +  .610 E5                                   .627 
\par    R1    =V6  =    .480 F2    +  .877 E6                                   .230 
\par    R2    =V7  =    .822*F2    +  .570 E7                                   .675 
\par    R3    =V8  =    .709*F2    +  .705 E8                                   .503 
\par    R4    =V9  =    .371*F2    +  .929 E9                                   .138 
\par    R5    =V10 =    .408*F2    +  .913 E10                                  .167 
\par    PR1   =V11 =    .742*F3    +  .670 E11                                  .551 
\par    PR2   =V12 =    .806*F3    +  .592 E12                                  .649 
\par    PR3   =V13 =    .753*F3    +  .658 E13                                  .568 
\par    PR4   =V14 =    .629 F3    +  .777 E14                                  .396 
\par    REL   =F2  =    .649*F1    +  .761 D1                                   .421 
\par    PROG  =F3  =    .060*F2    +  .998 D2                                   .004 
\par 
\par 
\par 
\par 
\par 
\par 
\par 
\par 
\par  -------------------------------------------------------------------------------
\par                            E N D    O F    M E T H O D
\par  -------------------------------------------------------------------------------
\par \page 
\par  13-May-14      PAGE:  19  EQS     Licensee:                               
\par   TITLE:   EQS Model of religiosity as a mediator of the political inst
\par 
\par   MAXIMUM LIKELIHOOD SOLUTION (NORMAL DISTRIBUTION THEORY)
\par 
\par 
\par   WALD TEST (FOR DROPPING PARAMETERS)
\par   MULTIVARIATE WALD TEST BY SIMULTANEOUS PROCESS
\par 
\par 
\par 
\par          CUMULATIVE MULTIVARIATE STATISTICS              UNIVARIATE INCREMENT
\par          ----------------------------------              --------------------
\par 
\par   STEP  PARAMETER   CHI-SQUARE  D.F.  PROBABILITY       CHI-SQUARE  PROBABILITY 
\par   ---- -----------  ----------  ----  -----------       ----------  -----------
\par 
\par 
\par      ************
\par           NONE OF THE FREE PARAMETERS IS DROPPED IN THIS PROCESS.
\par \page 
\par  13-May-14      PAGE:  20  EQS     Licensee:                               
\par   TITLE:   EQS Model of religiosity as a mediator of the political inst
\par 
\par   MAXIMUM LIKELIHOOD SOLUTION (NORMAL DISTRIBUTION THEORY)
\par 
\par 
\par   LAGRANGE MULTIPLIER TEST (FOR ADDING PARAMETERS)
\par 
\par 
\par   ORDERED UNIVARIATE TEST STATISTICS:             
\par                                                    HANCOCK             STANDAR-
\par                                   CHI-              75 DF   PARAMETER   DIZED 
\par    NO    CODE     PARAMETER      SQUARE     PROB.    PROB.    CHANGE    CHANGE
\par    --   ------    ---------      ------     -----  -------- ---------  --------
\par     1    2  20        V3,F3     313.447      .000      .000      .451      .887
\par     2    2  12       V13,F1     112.278      .000      .003      .123      .137
\par     3    2  20       V13,F2     107.591      .000      .008      .533     2.480
\par     4    2  12        V7,F1      84.956      .000      .202     -.847     -.255
\par     5    2  12       V11,F1      59.705      .000      .901     -.091     -.101
\par     6    2  20       V11,F2      56.671      .000      .943     -.393    -1.813
\par     7    2  12        V8,F1      50.092      .000      .988      .529      .175
\par     8    2  20        V5,F3      42.827      .000      .999     -.430     -.275
\par     9    2  20        V9,F3      22.589      .000     1.000      .132      .277
\par    10    2  20       V12,F2      20.704      .000     1.000     -.232    -1.059
\par    11    2  20       V10,F3      19.561      .000     1.000      .125      .255
\par    12    2  12       V12,F1      10.921      .001     1.000     -.038     -.041
\par    13    2  20        V6,F3       9.431      .002     1.000     -.046     -.172
\par    14    2  20        V2,F2       8.533      .003     1.000      .134     1.152
\par    15    2  20       V14,F2       6.730      .009     1.000      .137      .676
\par    16    2  20        V1,F3       5.684      .017     1.000     -.050     -.091
\par    17    2  12       V14,F1       4.883      .027     1.000      .027      .031
\par    18    2  20        V8,F3       3.849      .050     1.000     -.158     -.097
\par    19    2  10        D2,D1       2.974      .085     1.000     -.005     -.056
\par    20    2  16        F3,F1       2.974      .085     1.000      .026      .048
\par    21    2  22        F2,F3       2.974      .085     1.000     -.019     -.150
\par    22    2  20        V7,F3       2.587      .108     1.000     -.139     -.078
\par    23    2  12        V6,F1       2.171      .141     1.000      .017      .035
\par    24    2  20        V3,F2       2.016      .156     1.000     -.124     -.545
\par    25    2  12       V10,F1       1.357      .244     1.000      .026      .028
\par    26    2  12        V9,F1       1.346      .246     1.000      .025      .028
\par    27    2  20        V2,F3        .630      .427     1.000     -.011     -.041
\par    28    2  20        V5,F2        .288      .592     1.000     -.127     -.182
\par    29    2  20        V4,F3        .056      .812     1.000     -.013     -.011
\par    30    2  20        V1,F2        .028      .867     1.000     -.014     -.056
\par    31    2  20        V4,F2        .024      .876     1.000     -.029     -.056
\par    32    2   0        V6,F2        .000     1.000     1.000      .000      .000
\par    33    2   0       V14,F3        .000     1.000     1.000      .000      .000
\par    34    2   0        F1,F1        .000     1.000     1.000      .000      .000
\par \page 
\par  13-May-14      PAGE:  21  EQS     Licensee:                               
\par   TITLE:   EQS Model of religiosity as a mediator of the political inst
\par 
\par   MAXIMUM LIKELIHOOD SOLUTION (NORMAL DISTRIBUTION THEORY)
\par 
\par 
\par   MULTIVARIATE LAGRANGE MULTIPLIER TEST BY SIMULTANEOUS PROCESS IN STAGE  1
\par 
\par   PARAMETER SETS (SUBMATRICES) ACTIVE AT THIS STAGE ARE:
\par 
\par      PVV PFV PFF PDD GVV GVF GFV GFF BVF BFF
\par 
\par 
\par 
\par         CUMULATIVE MULTIVARIATE STATISTICS      UNIVARIATE INCREMENT
\par         ----------------------------------      ------------------------------
\par                                                                     HANCOCK'S
\par                                                                     SEQUENTIAL
\par  STEP   PARAMETER   CHI-SQUARE  D.F.   PROB.   CHI-SQUARE   PROB.  D.F.   PROB.
\par  ----  -----------  ----------  ----   -----   ----------   -----  ----   -----
\par     1       V3,F3      313.447     1    .000      313.447    .000    75    .000
\par     2      V13,F2      421.038     2    .000      107.591    .000    74    .007
\par     3       V7,F1      504.699     3    .000       83.661    .000    73    .185
\par     4      V11,F1      537.922     4    .000       33.223    .000    72   1.000
\par     5       V9,F3      562.523     5    .000       24.601    .000    71   1.000
\par     6      V10,F3      586.313     6    .000       23.789    .000    70   1.000
\par     7      V14,F2      601.698     7    .000       15.385    .000    69   1.000
\par     8       V5,F3      615.499     8    .000       13.801    .000    68   1.000
\par     9      V13,F1      627.471     9    .000       11.973    .001    67   1.000
\par    10       V2,F2      636.327    10    .000        8.856    .003    66   1.000
\par    11       V8,F1      642.187    11    .000        5.860    .015    65   1.000
\par    12       V6,F3      647.156    12    .000        4.969    .026    64   1.000
\par 
\par 
\par   LAGRANGIAN MULTIPLIER TEST REQUIRED    15049 WORDS OF MEMORY.
\par   PROGRAM ALLOCATES  2000000 WORDS.
\par 1
\par   Execution begins at 18:04:24   
\par   Execution ends   at 18:04:26   
\par   Elapsed time =       2.00 seconds 
\par 
\par }
 